[ INFO ] [2019-06-17 13:43:09.798] org.springframework.boot.test.context.SpringBootTestContextBootstrapper [308] - Neither @ContextConfiguration nor @ContextHierarchy found for test class [com.txr.spbbasic.SpbBasicApplicationTests], using SpringBootContextLoader
[ INFO ] [2019-06-17 13:43:09.805] org.springframework.test.context.support.AbstractContextLoader [264] - Could not detect default resource locations for test class [com.txr.spbbasic.SpbBasicApplicationTests]: no resource found for suffixes {-context.xml, Context.groovy}.
[ INFO ] [2019-06-17 13:43:09.806] org.springframework.test.context.support.AnnotationConfigContextLoaderUtils [83] - Could not detect default configuration classes for test class [com.txr.spbbasic.SpbBasicApplicationTests]: SpbBasicApplicationTests does not declare any static, non-private, non-final, nested classes annotated with @Configuration.
[ INFO ] [2019-06-17 13:43:09.999] org.springframework.boot.test.context.SpringBootTestContextBootstrapper [247] - Found @SpringBootConfiguration com.txr.spbbasic.SpbBasicApplication for test class com.txr.spbbasic.SpbBasicApplicationTests
[ INFO ] [2019-06-17 13:43:10.233] org.springframework.boot.test.context.SpringBootTestContextBootstrapper [248] - Loaded default TestExecutionListener class names from location [META-INF/spring.factories]: [org.springframework.boot.test.mock.mockito.MockitoTestExecutionListener, org.springframework.boot.test.mock.mockito.ResetMocksTestExecutionListener, org.springframework.boot.test.autoconfigure.restdocs.RestDocsTestExecutionListener, org.springframework.boot.test.autoconfigure.web.client.MockRestServiceServerResetTestExecutionListener, org.springframework.boot.test.autoconfigure.web.servlet.MockMvcPrintOnlyOnFailureTestExecutionListener, org.springframework.boot.test.autoconfigure.web.servlet.WebDriverTestExecutionListener, org.springframework.test.context.web.ServletTestExecutionListener, org.springframework.test.context.support.DirtiesContextBeforeModesTestExecutionListener, org.springframework.test.context.support.DependencyInjectionTestExecutionListener, org.springframework.test.context.support.DirtiesContextTestExecutionListener, org.springframework.test.context.transaction.TransactionalTestExecutionListener, org.springframework.test.context.jdbc.SqlScriptsTestExecutionListener]
[ INFO ] [2019-06-17 13:43:10.312] org.springframework.boot.test.context.SpringBootTestContextBootstrapper [177] - Using TestExecutionListeners: [org.springframework.test.context.web.ServletTestExecutionListener@11bd0f3b, org.springframework.test.context.support.DirtiesContextBeforeModesTestExecutionListener@c333c60, org.springframework.boot.test.mock.mockito.MockitoTestExecutionListener@79da8dc5, org.springframework.boot.test.autoconfigure.SpringBootDependencyInjectionTestExecutionListener@1eb5174b, org.springframework.test.context.support.DirtiesContextTestExecutionListener@67080771, org.springframework.boot.test.mock.mockito.ResetMocksTestExecutionListener@72cde7cc, org.springframework.boot.test.autoconfigure.restdocs.RestDocsTestExecutionListener@5fd4f8f5, org.springframework.boot.test.autoconfigure.web.client.MockRestServiceServerResetTestExecutionListener@696da30b, org.springframework.boot.test.autoconfigure.web.servlet.MockMvcPrintOnlyOnFailureTestExecutionListener@4e7912d8, org.springframework.boot.test.autoconfigure.web.servlet.WebDriverTestExecutionListener@53976f5c]
[ INFO ] [2019-06-17 13:43:11.010] com.txr.spbbasic.SpbBasicApplicationTests [50] - Starting SpbBasicApplicationTests on pc-010384 with PID 19340 (started by xinrui.tian in D:\MyProject\My\springboot-study\spb-basic)
[ INFO ] [2019-06-17 13:43:11.011] com.txr.spbbasic.SpbBasicApplicationTests [684] - The following profiles are active: qa
[ INFO ] [2019-06-17 13:43:11.153] org.springframework.web.context.support.GenericWebApplicationContext [590] - Refreshing org.springframework.web.context.support.GenericWebApplicationContext@4b8729ff: startup date [Mon Jun 17 13:43:11 CST 2019]; root of context hierarchy
[ INFO ] [2019-06-17 13:43:13.145] com.txr.spbbasic.ServiceStarter [61] - Service init todo ======================= 
[ INFO ] [2019-06-17 13:43:13.566] org.springframework.web.servlet.mvc.method.annotation.RequestMappingHandlerMapping [549] - Mapped "{[/txr/admin/swagger/annotation],methods=[GET],produces=[application/json]}" onto public java.lang.String com.txr.spbbasic.controller.AdminController.getSwaggerAnnotation()
[ INFO ] [2019-06-17 13:43:13.570] org.springframework.web.servlet.mvc.method.annotation.RequestMappingHandlerMapping [549] - Mapped "{[/txr/study/main/{userName}/bondInfo],methods=[POST],produces=[application/json]}" onto public com.txr.spbbasic.controller.response.ResponseData<java.util.List<com.txr.spbbasic.controller.model.Bond>> com.txr.spbbasic.controller.MainController.getUserInfoByUserId(java.lang.String,com.txr.spbbasic.controller.model.Bond) throws com.txr.spbbasic.global.exception.BondNotFoundException
[ INFO ] [2019-06-17 13:43:13.570] org.springframework.web.servlet.mvc.method.annotation.RequestMappingHandlerMapping [549] - Mapped "{[/txr/study/main/author],methods=[GET],produces=[application/json]}" onto public com.txr.spbbasic.controller.response.ResponseData<com.txr.spbbasic.AuthorMapping> com.txr.spbbasic.controller.MainController.authorInfo()
[ INFO ] [2019-06-17 13:43:13.571] org.springframework.web.servlet.mvc.method.annotation.RequestMappingHandlerMapping [549] - Mapped "{[/txr/study/main/bondKeys],methods=[GET],produces=[application/json]}" onto public com.txr.spbbasic.controller.response.ResponseData<java.util.List<java.lang.String>> com.txr.spbbasic.controller.MainController.getAllBondKeys(java.lang.String)
[ INFO ] [2019-06-17 13:43:13.572] org.springframework.web.servlet.mvc.method.annotation.RequestMappingHandlerMapping [549] - Mapped "{[/v2/api-docs],methods=[GET],produces=[application/json || application/hal+json]}" onto public org.springframework.http.ResponseEntity<springfox.documentation.spring.web.json.Json> springfox.documentation.swagger2.web.Swagger2Controller.getDocumentation(java.lang.String,javax.servlet.http.HttpServletRequest)
[ INFO ] [2019-06-17 13:43:13.574] org.springframework.web.servlet.mvc.method.annotation.RequestMappingHandlerMapping [549] - Mapped "{[/swagger-resources/configuration/security]}" onto org.springframework.http.ResponseEntity<springfox.documentation.swagger.web.SecurityConfiguration> springfox.documentation.swagger.web.ApiResourceController.securityConfiguration()
[ INFO ] [2019-06-17 13:43:13.575] org.springframework.web.servlet.mvc.method.annotation.RequestMappingHandlerMapping [549] - Mapped "{[/swagger-resources]}" onto org.springframework.http.ResponseEntity<java.util.List<springfox.documentation.swagger.web.SwaggerResource>> springfox.documentation.swagger.web.ApiResourceController.swaggerResources()
[ INFO ] [2019-06-17 13:43:13.576] org.springframework.web.servlet.mvc.method.annotation.RequestMappingHandlerMapping [549] - Mapped "{[/swagger-resources/configuration/ui]}" onto org.springframework.http.ResponseEntity<springfox.documentation.swagger.web.UiConfiguration> springfox.documentation.swagger.web.ApiResourceController.uiConfiguration()
[ INFO ] [2019-06-17 13:43:13.580] org.springframework.web.servlet.mvc.method.annotation.RequestMappingHandlerMapping [549] - Mapped "{[/error]}" onto public org.springframework.http.ResponseEntity<java.util.Map<java.lang.String, java.lang.Object>> org.springframework.boot.autoconfigure.web.servlet.error.BasicErrorController.error(javax.servlet.http.HttpServletRequest)
[ INFO ] [2019-06-17 13:43:13.580] org.springframework.web.servlet.mvc.method.annotation.RequestMappingHandlerMapping [549] - Mapped "{[/error],produces=[text/html]}" onto public org.springframework.web.servlet.ModelAndView org.springframework.boot.autoconfigure.web.servlet.error.BasicErrorController.errorHtml(javax.servlet.http.HttpServletRequest,javax.servlet.http.HttpServletResponse)
[ INFO ] [2019-06-17 13:43:13.668] org.springframework.scheduling.concurrent.ThreadPoolTaskExecutor [171] - Initializing ExecutorService 
[ INFO ] [2019-06-17 13:43:13.675] org.springframework.scheduling.concurrent.ThreadPoolTaskExecutor [171] - Initializing ExecutorService  'concurrentTaskExecutor'
[ INFO ] [2019-06-17 13:43:14.017] org.springframework.web.servlet.handler.SimpleUrlHandlerMapping [373] - Mapped URL path [/**/favicon.ico] onto handler of type [class org.springframework.web.servlet.resource.ResourceHttpRequestHandler]
[ INFO ] [2019-06-17 13:43:14.181] org.springframework.web.servlet.mvc.method.annotation.RequestMappingHandlerAdapter [588] - Looking for @ControllerAdvice: org.springframework.web.context.support.GenericWebApplicationContext@4b8729ff: startup date [Mon Jun 17 13:43:11 CST 2019]; root of context hierarchy
[ INFO ] [2019-06-17 13:43:14.261] org.springframework.web.servlet.handler.SimpleUrlHandlerMapping [373] - Mapped URL path [/webjars/**] onto handler of type [class org.springframework.web.servlet.resource.ResourceHttpRequestHandler]
[ INFO ] [2019-06-17 13:43:14.261] org.springframework.web.servlet.handler.SimpleUrlHandlerMapping [373] - Mapped URL path [/**] onto handler of type [class org.springframework.web.servlet.resource.ResourceHttpRequestHandler]
[ INFO ] [2019-06-17 13:43:14.280] org.springframework.web.servlet.mvc.method.annotation.ExceptionHandlerExceptionResolver [288] - Detected @ExceptionHandler methods in globalExceptionHandlers
[ INFO ] [2019-06-17 13:43:14.344] com.txr.spbbasicstarter.TxrAutoConfigurerProcessor [18] - txr auto config localhost:8080
[ INFO ] [2019-06-17 13:43:14.404] org.springframework.context.support.DefaultLifecycleProcessor [356] - Starting beans in phase 2147483647
[ INFO ] [2019-06-17 13:43:14.405] springfox.documentation.spring.web.plugins.DocumentationPluginsBootstrapper [120] - Context refreshed
[ INFO ] [2019-06-17 13:43:14.591] springfox.documentation.spring.web.plugins.DocumentationPluginsBootstrapper [123] - Found 2 custom documentation plugin(s)
[ INFO ] [2019-06-17 13:43:14.602] springfox.documentation.spring.web.scanners.ApiListingReferenceScanner [44] - Scanning for api listing references
[ INFO ] [2019-06-17 13:43:14.685] springfox.documentation.spring.web.scanners.ApiListingReferenceScanner [44] - Scanning for api listing references
[ INFO ] [2019-06-17 13:43:14.799] com.txr.spbbasic.SpbBasicApplicationTests [59] - Started SpbBasicApplicationTests in 4.437 seconds (JVM running for 6.249)
[ INFO ] [2019-06-17 13:43:14.801] com.txr.spbbasic.ServiceStarter [51] - >>>>>>>>>>>>>>> Spring boot demo 示例 ：author[XinRui] <<<<<<<<<<<<<<<
[ INFO ] [2019-06-17 13:43:14.802] com.txr.spbbasic.ServiceStarter [52] - >>>>>>>>>>>>>>> 根据指定不同配置文件获取对应的端口号 ：-1 <<<<<<<<<<<<<<<
[ INFO ] [2019-06-17 13:43:14.802] com.txr.spbbasic.ServiceStarter [53] - Environment 读取配置信息中的sql : Select * from Book;
[ INFO ] [2019-06-17 13:43:15.115] org.springframework.web.context.support.GenericWebApplicationContext [993] - Closing org.springframework.web.context.support.GenericWebApplicationContext@4b8729ff: startup date [Mon Jun 17 13:43:11 CST 2019]; root of context hierarchy
[ INFO ] [2019-06-17 13:43:15.118] org.springframework.context.support.DefaultLifecycleProcessor [369] - Stopping beans in phase 2147483647
[ INFO ] [2019-06-17 13:43:15.121] org.springframework.scheduling.concurrent.ThreadPoolTaskExecutor [208] - Shutting down ExecutorService 'concurrentTaskExecutor'
[ INFO ] [2019-06-17 13:44:02.238] org.springframework.boot.test.context.SpringBootTestContextBootstrapper [308] - Neither @ContextConfiguration nor @ContextHierarchy found for test class [com.txr.spbbasic.SpbBasicApplicationTests], using SpringBootContextLoader
[ INFO ] [2019-06-17 13:44:02.244] org.springframework.test.context.support.AbstractContextLoader [264] - Could not detect default resource locations for test class [com.txr.spbbasic.SpbBasicApplicationTests]: no resource found for suffixes {-context.xml, Context.groovy}.
[ INFO ] [2019-06-17 13:44:02.245] org.springframework.test.context.support.AnnotationConfigContextLoaderUtils [83] - Could not detect default configuration classes for test class [com.txr.spbbasic.SpbBasicApplicationTests]: SpbBasicApplicationTests does not declare any static, non-private, non-final, nested classes annotated with @Configuration.
[ INFO ] [2019-06-17 13:44:02.390] org.springframework.boot.test.context.SpringBootTestContextBootstrapper [247] - Found @SpringBootConfiguration com.txr.spbbasic.SpbBasicApplication for test class com.txr.spbbasic.SpbBasicApplicationTests
[ INFO ] [2019-06-17 13:44:02.614] org.springframework.boot.test.context.SpringBootTestContextBootstrapper [248] - Loaded default TestExecutionListener class names from location [META-INF/spring.factories]: [org.springframework.boot.test.mock.mockito.MockitoTestExecutionListener, org.springframework.boot.test.mock.mockito.ResetMocksTestExecutionListener, org.springframework.boot.test.autoconfigure.restdocs.RestDocsTestExecutionListener, org.springframework.boot.test.autoconfigure.web.client.MockRestServiceServerResetTestExecutionListener, org.springframework.boot.test.autoconfigure.web.servlet.MockMvcPrintOnlyOnFailureTestExecutionListener, org.springframework.boot.test.autoconfigure.web.servlet.WebDriverTestExecutionListener, org.springframework.test.context.web.ServletTestExecutionListener, org.springframework.test.context.support.DirtiesContextBeforeModesTestExecutionListener, org.springframework.test.context.support.DependencyInjectionTestExecutionListener, org.springframework.test.context.support.DirtiesContextTestExecutionListener, org.springframework.test.context.transaction.TransactionalTestExecutionListener, org.springframework.test.context.jdbc.SqlScriptsTestExecutionListener]
[ INFO ] [2019-06-17 13:44:02.633] org.springframework.boot.test.context.SpringBootTestContextBootstrapper [177] - Using TestExecutionListeners: [org.springframework.test.context.web.ServletTestExecutionListener@79da8dc5, org.springframework.test.context.support.DirtiesContextBeforeModesTestExecutionListener@1eb5174b, org.springframework.boot.test.mock.mockito.MockitoTestExecutionListener@67080771, org.springframework.boot.test.autoconfigure.SpringBootDependencyInjectionTestExecutionListener@72cde7cc, org.springframework.test.context.support.DirtiesContextTestExecutionListener@5fd4f8f5, org.springframework.boot.test.mock.mockito.ResetMocksTestExecutionListener@696da30b, org.springframework.boot.test.autoconfigure.restdocs.RestDocsTestExecutionListener@4e7912d8, org.springframework.boot.test.autoconfigure.web.client.MockRestServiceServerResetTestExecutionListener@53976f5c, org.springframework.boot.test.autoconfigure.web.servlet.MockMvcPrintOnlyOnFailureTestExecutionListener@2bfc268b, org.springframework.boot.test.autoconfigure.web.servlet.WebDriverTestExecutionListener@2f8dad04]
[ INFO ] [2019-06-17 13:44:03.089] com.txr.spbbasic.SpbBasicApplicationTests [50] - Starting SpbBasicApplicationTests on pc-010384 with PID 67920 (started by xinrui.tian in D:\MyProject\My\springboot-study\spb-basic)
[ INFO ] [2019-06-17 13:44:03.089] com.txr.spbbasic.SpbBasicApplicationTests [684] - The following profiles are active: qa
[ INFO ] [2019-06-17 13:44:03.116] org.springframework.web.context.support.GenericWebApplicationContext [590] - Refreshing org.springframework.web.context.support.GenericWebApplicationContext@3214ee6: startup date [Mon Jun 17 13:44:03 CST 2019]; root of context hierarchy
[ INFO ] [2019-06-17 13:44:04.599] com.txr.spbbasic.ServiceStarter [61] - Service init todo ======================= 
[ INFO ] [2019-06-17 13:44:04.931] org.springframework.web.servlet.mvc.method.annotation.RequestMappingHandlerMapping [549] - Mapped "{[/txr/admin/swagger/annotation],methods=[GET],produces=[application/json]}" onto public java.lang.String com.txr.spbbasic.controller.AdminController.getSwaggerAnnotation()
[ INFO ] [2019-06-17 13:44:04.934] org.springframework.web.servlet.mvc.method.annotation.RequestMappingHandlerMapping [549] - Mapped "{[/txr/study/main/{userName}/bondInfo],methods=[POST],produces=[application/json]}" onto public com.txr.spbbasic.controller.response.ResponseData<java.util.List<com.txr.spbbasic.controller.model.Bond>> com.txr.spbbasic.controller.MainController.getUserInfoByUserId(java.lang.String,com.txr.spbbasic.controller.model.Bond) throws com.txr.spbbasic.global.exception.BondNotFoundException
[ INFO ] [2019-06-17 13:44:04.935] org.springframework.web.servlet.mvc.method.annotation.RequestMappingHandlerMapping [549] - Mapped "{[/txr/study/main/bondKeys],methods=[GET],produces=[application/json]}" onto public com.txr.spbbasic.controller.response.ResponseData<java.util.List<java.lang.String>> com.txr.spbbasic.controller.MainController.getAllBondKeys(java.lang.String)
[ INFO ] [2019-06-17 13:44:04.935] org.springframework.web.servlet.mvc.method.annotation.RequestMappingHandlerMapping [549] - Mapped "{[/txr/study/main/author],methods=[GET],produces=[application/json]}" onto public com.txr.spbbasic.controller.response.ResponseData<com.txr.spbbasic.AuthorMapping> com.txr.spbbasic.controller.MainController.authorInfo()
[ INFO ] [2019-06-17 13:44:04.936] org.springframework.web.servlet.mvc.method.annotation.RequestMappingHandlerMapping [549] - Mapped "{[/v2/api-docs],methods=[GET],produces=[application/json || application/hal+json]}" onto public org.springframework.http.ResponseEntity<springfox.documentation.spring.web.json.Json> springfox.documentation.swagger2.web.Swagger2Controller.getDocumentation(java.lang.String,javax.servlet.http.HttpServletRequest)
[ INFO ] [2019-06-17 13:44:04.938] org.springframework.web.servlet.mvc.method.annotation.RequestMappingHandlerMapping [549] - Mapped "{[/swagger-resources/configuration/security]}" onto org.springframework.http.ResponseEntity<springfox.documentation.swagger.web.SecurityConfiguration> springfox.documentation.swagger.web.ApiResourceController.securityConfiguration()
[ INFO ] [2019-06-17 13:44:04.939] org.springframework.web.servlet.mvc.method.annotation.RequestMappingHandlerMapping [549] - Mapped "{[/swagger-resources]}" onto org.springframework.http.ResponseEntity<java.util.List<springfox.documentation.swagger.web.SwaggerResource>> springfox.documentation.swagger.web.ApiResourceController.swaggerResources()
[ INFO ] [2019-06-17 13:44:04.939] org.springframework.web.servlet.mvc.method.annotation.RequestMappingHandlerMapping [549] - Mapped "{[/swagger-resources/configuration/ui]}" onto org.springframework.http.ResponseEntity<springfox.documentation.swagger.web.UiConfiguration> springfox.documentation.swagger.web.ApiResourceController.uiConfiguration()
[ INFO ] [2019-06-17 13:44:04.942] org.springframework.web.servlet.mvc.method.annotation.RequestMappingHandlerMapping [549] - Mapped "{[/error]}" onto public org.springframework.http.ResponseEntity<java.util.Map<java.lang.String, java.lang.Object>> org.springframework.boot.autoconfigure.web.servlet.error.BasicErrorController.error(javax.servlet.http.HttpServletRequest)
[ INFO ] [2019-06-17 13:44:04.943] org.springframework.web.servlet.mvc.method.annotation.RequestMappingHandlerMapping [549] - Mapped "{[/error],produces=[text/html]}" onto public org.springframework.web.servlet.ModelAndView org.springframework.boot.autoconfigure.web.servlet.error.BasicErrorController.errorHtml(javax.servlet.http.HttpServletRequest,javax.servlet.http.HttpServletResponse)
[ INFO ] [2019-06-17 13:44:05.022] org.springframework.scheduling.concurrent.ThreadPoolTaskExecutor [171] - Initializing ExecutorService 
[ INFO ] [2019-06-17 13:44:05.028] org.springframework.scheduling.concurrent.ThreadPoolTaskExecutor [171] - Initializing ExecutorService  'concurrentTaskExecutor'
[ INFO ] [2019-06-17 13:44:05.259] org.springframework.web.servlet.handler.SimpleUrlHandlerMapping [373] - Mapped URL path [/**/favicon.ico] onto handler of type [class org.springframework.web.servlet.resource.ResourceHttpRequestHandler]
[ INFO ] [2019-06-17 13:44:05.410] org.springframework.web.servlet.mvc.method.annotation.RequestMappingHandlerAdapter [588] - Looking for @ControllerAdvice: org.springframework.web.context.support.GenericWebApplicationContext@3214ee6: startup date [Mon Jun 17 13:44:03 CST 2019]; root of context hierarchy
[ INFO ] [2019-06-17 13:44:05.468] org.springframework.web.servlet.handler.SimpleUrlHandlerMapping [373] - Mapped URL path [/webjars/**] onto handler of type [class org.springframework.web.servlet.resource.ResourceHttpRequestHandler]
[ INFO ] [2019-06-17 13:44:05.469] org.springframework.web.servlet.handler.SimpleUrlHandlerMapping [373] - Mapped URL path [/**] onto handler of type [class org.springframework.web.servlet.resource.ResourceHttpRequestHandler]
[ INFO ] [2019-06-17 13:44:05.488] org.springframework.web.servlet.mvc.method.annotation.ExceptionHandlerExceptionResolver [288] - Detected @ExceptionHandler methods in globalExceptionHandlers
[ INFO ] [2019-06-17 13:44:05.566] com.txr.spbbasicstarter.TxrAutoConfigurerProcessor [18] - txr auto config localhost:8080
[ INFO ] [2019-06-17 13:44:05.629] org.springframework.context.support.DefaultLifecycleProcessor [356] - Starting beans in phase 2147483647
[ INFO ] [2019-06-17 13:44:05.630] springfox.documentation.spring.web.plugins.DocumentationPluginsBootstrapper [120] - Context refreshed
[ INFO ] [2019-06-17 13:44:05.749] springfox.documentation.spring.web.plugins.DocumentationPluginsBootstrapper [123] - Found 2 custom documentation plugin(s)
[ INFO ] [2019-06-17 13:44:05.757] springfox.documentation.spring.web.scanners.ApiListingReferenceScanner [44] - Scanning for api listing references
[ INFO ] [2019-06-17 13:44:05.836] springfox.documentation.spring.web.scanners.ApiListingReferenceScanner [44] - Scanning for api listing references
[ INFO ] [2019-06-17 13:44:05.921] com.txr.spbbasic.SpbBasicApplicationTests [59] - Started SpbBasicApplicationTests in 3.243 seconds (JVM running for 4.405)
[ INFO ] [2019-06-17 13:44:05.923] com.txr.spbbasic.ServiceStarter [51] - >>>>>>>>>>>>>>> Spring boot demo 示例 ：author[XinRui] <<<<<<<<<<<<<<<
[ INFO ] [2019-06-17 13:44:05.923] com.txr.spbbasic.ServiceStarter [52] - >>>>>>>>>>>>>>> 根据指定不同配置文件获取对应的端口号 ：-1 <<<<<<<<<<<<<<<
[ INFO ] [2019-06-17 13:44:05.923] com.txr.spbbasic.ServiceStarter [53] - Environment 读取配置信息中的sql : Select * from Book;
[ INFO ] [2019-06-17 13:44:06.006] org.springframework.web.context.support.GenericWebApplicationContext [993] - Closing org.springframework.web.context.support.GenericWebApplicationContext@3214ee6: startup date [Mon Jun 17 13:44:03 CST 2019]; root of context hierarchy
[ INFO ] [2019-06-17 13:44:06.008] org.springframework.context.support.DefaultLifecycleProcessor [369] - Stopping beans in phase 2147483647
[ INFO ] [2019-06-17 13:44:06.010] org.springframework.scheduling.concurrent.ThreadPoolTaskExecutor [208] - Shutting down ExecutorService 'concurrentTaskExecutor'
[ INFO ] [2019-06-17 13:45:30.802] org.springframework.boot.test.context.SpringBootTestContextBootstrapper [308] - Neither @ContextConfiguration nor @ContextHierarchy found for test class [com.txr.spbbasic.SpbBasicApplicationTests], using SpringBootContextLoader
[ INFO ] [2019-06-17 13:45:30.809] org.springframework.test.context.support.AbstractContextLoader [264] - Could not detect default resource locations for test class [com.txr.spbbasic.SpbBasicApplicationTests]: no resource found for suffixes {-context.xml, Context.groovy}.
[ INFO ] [2019-06-17 13:45:30.810] org.springframework.test.context.support.AnnotationConfigContextLoaderUtils [83] - Could not detect default configuration classes for test class [com.txr.spbbasic.SpbBasicApplicationTests]: SpbBasicApplicationTests does not declare any static, non-private, non-final, nested classes annotated with @Configuration.
[ INFO ] [2019-06-17 13:45:30.945] org.springframework.boot.test.context.SpringBootTestContextBootstrapper [247] - Found @SpringBootConfiguration com.txr.spbbasic.SpbBasicApplication for test class com.txr.spbbasic.SpbBasicApplicationTests
[ INFO ] [2019-06-17 13:45:31.164] org.springframework.boot.test.context.SpringBootTestContextBootstrapper [248] - Loaded default TestExecutionListener class names from location [META-INF/spring.factories]: [org.springframework.boot.test.mock.mockito.MockitoTestExecutionListener, org.springframework.boot.test.mock.mockito.ResetMocksTestExecutionListener, org.springframework.boot.test.autoconfigure.restdocs.RestDocsTestExecutionListener, org.springframework.boot.test.autoconfigure.web.client.MockRestServiceServerResetTestExecutionListener, org.springframework.boot.test.autoconfigure.web.servlet.MockMvcPrintOnlyOnFailureTestExecutionListener, org.springframework.boot.test.autoconfigure.web.servlet.WebDriverTestExecutionListener, org.springframework.test.context.web.ServletTestExecutionListener, org.springframework.test.context.support.DirtiesContextBeforeModesTestExecutionListener, org.springframework.test.context.support.DependencyInjectionTestExecutionListener, org.springframework.test.context.support.DirtiesContextTestExecutionListener, org.springframework.test.context.transaction.TransactionalTestExecutionListener, org.springframework.test.context.jdbc.SqlScriptsTestExecutionListener]
[ INFO ] [2019-06-17 13:45:31.177] org.springframework.boot.test.context.SpringBootTestContextBootstrapper [177] - Using TestExecutionListeners: [org.springframework.test.context.web.ServletTestExecutionListener@79da8dc5, org.springframework.test.context.support.DirtiesContextBeforeModesTestExecutionListener@1eb5174b, org.springframework.boot.test.mock.mockito.MockitoTestExecutionListener@67080771, org.springframework.boot.test.autoconfigure.SpringBootDependencyInjectionTestExecutionListener@72cde7cc, org.springframework.test.context.support.DirtiesContextTestExecutionListener@5fd4f8f5, org.springframework.boot.test.mock.mockito.ResetMocksTestExecutionListener@696da30b, org.springframework.boot.test.autoconfigure.restdocs.RestDocsTestExecutionListener@4e7912d8, org.springframework.boot.test.autoconfigure.web.client.MockRestServiceServerResetTestExecutionListener@53976f5c, org.springframework.boot.test.autoconfigure.web.servlet.MockMvcPrintOnlyOnFailureTestExecutionListener@2bfc268b, org.springframework.boot.test.autoconfigure.web.servlet.WebDriverTestExecutionListener@2f8dad04]
[ INFO ] [2019-06-17 13:45:31.781] com.txr.spbbasic.SpbBasicApplicationTests [50] - Starting SpbBasicApplicationTests on pc-010384 with PID 49592 (started by xinrui.tian in D:\MyProject\My\springboot-study\spb-basic)
[ INFO ] [2019-06-17 13:45:31.782] com.txr.spbbasic.SpbBasicApplicationTests [684] - The following profiles are active: qa
[ INFO ] [2019-06-17 13:45:31.834] org.springframework.web.context.support.GenericWebApplicationContext [590] - Refreshing org.springframework.web.context.support.GenericWebApplicationContext@45efd90f: startup date [Mon Jun 17 13:45:31 CST 2019]; root of context hierarchy
[ INFO ] [2019-06-17 13:45:33.213] com.txr.spbbasic.ServiceStarter [61] - Service init todo ======================= 
[ INFO ] [2019-06-17 13:45:33.558] org.springframework.web.servlet.mvc.method.annotation.RequestMappingHandlerMapping [549] - Mapped "{[/txr/admin/swagger/annotation],methods=[GET],produces=[application/json]}" onto public java.lang.String com.txr.spbbasic.controller.AdminController.getSwaggerAnnotation()
[ INFO ] [2019-06-17 13:45:33.561] org.springframework.web.servlet.mvc.method.annotation.RequestMappingHandlerMapping [549] - Mapped "{[/txr/study/main/{userName}/bondInfo],methods=[POST],produces=[application/json]}" onto public com.txr.spbbasic.controller.response.ResponseData<java.util.List<com.txr.spbbasic.controller.model.Bond>> com.txr.spbbasic.controller.MainController.getUserInfoByUserId(java.lang.String,com.txr.spbbasic.controller.model.Bond) throws com.txr.spbbasic.global.exception.BondNotFoundException
[ INFO ] [2019-06-17 13:45:33.562] org.springframework.web.servlet.mvc.method.annotation.RequestMappingHandlerMapping [549] - Mapped "{[/txr/study/main/bondKeys],methods=[GET],produces=[application/json]}" onto public com.txr.spbbasic.controller.response.ResponseData<java.util.List<java.lang.String>> com.txr.spbbasic.controller.MainController.getAllBondKeys(java.lang.String)
[ INFO ] [2019-06-17 13:45:33.562] org.springframework.web.servlet.mvc.method.annotation.RequestMappingHandlerMapping [549] - Mapped "{[/txr/study/main/author],methods=[GET],produces=[application/json]}" onto public com.txr.spbbasic.controller.response.ResponseData<com.txr.spbbasic.AuthorMapping> com.txr.spbbasic.controller.MainController.authorInfo()
[ INFO ] [2019-06-17 13:45:33.564] org.springframework.web.servlet.mvc.method.annotation.RequestMappingHandlerMapping [549] - Mapped "{[/v2/api-docs],methods=[GET],produces=[application/json || application/hal+json]}" onto public org.springframework.http.ResponseEntity<springfox.documentation.spring.web.json.Json> springfox.documentation.swagger2.web.Swagger2Controller.getDocumentation(java.lang.String,javax.servlet.http.HttpServletRequest)
[ INFO ] [2019-06-17 13:45:33.570] org.springframework.web.servlet.mvc.method.annotation.RequestMappingHandlerMapping [549] - Mapped "{[/swagger-resources]}" onto org.springframework.http.ResponseEntity<java.util.List<springfox.documentation.swagger.web.SwaggerResource>> springfox.documentation.swagger.web.ApiResourceController.swaggerResources()
[ INFO ] [2019-06-17 13:45:33.571] org.springframework.web.servlet.mvc.method.annotation.RequestMappingHandlerMapping [549] - Mapped "{[/swagger-resources/configuration/ui]}" onto org.springframework.http.ResponseEntity<springfox.documentation.swagger.web.UiConfiguration> springfox.documentation.swagger.web.ApiResourceController.uiConfiguration()
[ INFO ] [2019-06-17 13:45:33.572] org.springframework.web.servlet.mvc.method.annotation.RequestMappingHandlerMapping [549] - Mapped "{[/swagger-resources/configuration/security]}" onto org.springframework.http.ResponseEntity<springfox.documentation.swagger.web.SecurityConfiguration> springfox.documentation.swagger.web.ApiResourceController.securityConfiguration()
[ INFO ] [2019-06-17 13:45:33.576] org.springframework.web.servlet.mvc.method.annotation.RequestMappingHandlerMapping [549] - Mapped "{[/error]}" onto public org.springframework.http.ResponseEntity<java.util.Map<java.lang.String, java.lang.Object>> org.springframework.boot.autoconfigure.web.servlet.error.BasicErrorController.error(javax.servlet.http.HttpServletRequest)
[ INFO ] [2019-06-17 13:45:33.580] org.springframework.web.servlet.mvc.method.annotation.RequestMappingHandlerMapping [549] - Mapped "{[/error],produces=[text/html]}" onto public org.springframework.web.servlet.ModelAndView org.springframework.boot.autoconfigure.web.servlet.error.BasicErrorController.errorHtml(javax.servlet.http.HttpServletRequest,javax.servlet.http.HttpServletResponse)
[ INFO ] [2019-06-17 13:45:33.683] org.springframework.scheduling.concurrent.ThreadPoolTaskExecutor [171] - Initializing ExecutorService 
[ INFO ] [2019-06-17 13:45:33.691] org.springframework.scheduling.concurrent.ThreadPoolTaskExecutor [171] - Initializing ExecutorService  'concurrentTaskExecutor'
[ INFO ] [2019-06-17 13:45:33.952] org.springframework.web.servlet.handler.SimpleUrlHandlerMapping [373] - Mapped URL path [/**/favicon.ico] onto handler of type [class org.springframework.web.servlet.resource.ResourceHttpRequestHandler]
[ INFO ] [2019-06-17 13:45:34.084] org.springframework.web.servlet.mvc.method.annotation.RequestMappingHandlerAdapter [588] - Looking for @ControllerAdvice: org.springframework.web.context.support.GenericWebApplicationContext@45efd90f: startup date [Mon Jun 17 13:45:31 CST 2019]; root of context hierarchy
[ INFO ] [2019-06-17 13:45:34.144] org.springframework.web.servlet.handler.SimpleUrlHandlerMapping [373] - Mapped URL path [/webjars/**] onto handler of type [class org.springframework.web.servlet.resource.ResourceHttpRequestHandler]
[ INFO ] [2019-06-17 13:45:34.145] org.springframework.web.servlet.handler.SimpleUrlHandlerMapping [373] - Mapped URL path [/**] onto handler of type [class org.springframework.web.servlet.resource.ResourceHttpRequestHandler]
[ INFO ] [2019-06-17 13:45:34.161] org.springframework.web.servlet.mvc.method.annotation.ExceptionHandlerExceptionResolver [288] - Detected @ExceptionHandler methods in globalExceptionHandlers
[ INFO ] [2019-06-17 13:45:34.240] com.txr.spbbasicstarter.TxrAutoConfigurerProcessor [18] - txr auto config localhost:8080
[ INFO ] [2019-06-17 13:45:34.330] org.springframework.context.support.DefaultLifecycleProcessor [356] - Starting beans in phase 2147483647
[ INFO ] [2019-06-17 13:45:34.331] springfox.documentation.spring.web.plugins.DocumentationPluginsBootstrapper [120] - Context refreshed
[ INFO ] [2019-06-17 13:45:34.491] springfox.documentation.spring.web.plugins.DocumentationPluginsBootstrapper [123] - Found 2 custom documentation plugin(s)
[ INFO ] [2019-06-17 13:45:34.498] springfox.documentation.spring.web.scanners.ApiListingReferenceScanner [44] - Scanning for api listing references
[ INFO ] [2019-06-17 13:45:34.579] springfox.documentation.spring.web.scanners.ApiListingReferenceScanner [44] - Scanning for api listing references
[ INFO ] [2019-06-17 13:45:34.703] com.txr.spbbasic.SpbBasicApplicationTests [59] - Started SpbBasicApplicationTests in 3.476 seconds (JVM running for 4.545)
[ INFO ] [2019-06-17 13:45:34.705] com.txr.spbbasic.ServiceStarter [51] - >>>>>>>>>>>>>>> Spring boot demo 示例 ：author[XinRui] <<<<<<<<<<<<<<<
[ INFO ] [2019-06-17 13:45:34.705] com.txr.spbbasic.ServiceStarter [52] - >>>>>>>>>>>>>>> 根据指定不同配置文件获取对应的端口号 ：-1 <<<<<<<<<<<<<<<
[ INFO ] [2019-06-17 13:45:34.707] com.txr.spbbasic.ServiceStarter [53] - Environment 读取配置信息中的sql : Select * from Book;
[ INFO ] [2019-06-17 13:45:34.836] org.springframework.web.context.support.GenericWebApplicationContext [993] - Closing org.springframework.web.context.support.GenericWebApplicationContext@45efd90f: startup date [Mon Jun 17 13:45:31 CST 2019]; root of context hierarchy
[ INFO ] [2019-06-17 13:45:34.838] org.springframework.context.support.DefaultLifecycleProcessor [369] - Stopping beans in phase 2147483647
[ INFO ] [2019-06-17 13:45:34.840] org.springframework.scheduling.concurrent.ThreadPoolTaskExecutor [208] - Shutting down ExecutorService 'concurrentTaskExecutor'
[ INFO ] [2019-06-17 13:48:31.468] org.springframework.boot.test.context.SpringBootTestContextBootstrapper [308] - Neither @ContextConfiguration nor @ContextHierarchy found for test class [com.txr.spbbasic.SpbBasicApplicationTests], using SpringBootContextLoader
[ INFO ] [2019-06-17 13:48:31.474] org.springframework.test.context.support.AbstractContextLoader [264] - Could not detect default resource locations for test class [com.txr.spbbasic.SpbBasicApplicationTests]: no resource found for suffixes {-context.xml, Context.groovy}.
[ INFO ] [2019-06-17 13:48:31.476] org.springframework.test.context.support.AnnotationConfigContextLoaderUtils [83] - Could not detect default configuration classes for test class [com.txr.spbbasic.SpbBasicApplicationTests]: SpbBasicApplicationTests does not declare any static, non-private, non-final, nested classes annotated with @Configuration.
[ INFO ] [2019-06-17 13:48:31.616] org.springframework.boot.test.context.SpringBootTestContextBootstrapper [247] - Found @SpringBootConfiguration com.txr.spbbasic.SpbBasicApplication for test class com.txr.spbbasic.SpbBasicApplicationTests
[ INFO ] [2019-06-17 13:48:31.794] org.springframework.boot.test.context.SpringBootTestContextBootstrapper [248] - Loaded default TestExecutionListener class names from location [META-INF/spring.factories]: [org.springframework.boot.test.mock.mockito.MockitoTestExecutionListener, org.springframework.boot.test.mock.mockito.ResetMocksTestExecutionListener, org.springframework.boot.test.autoconfigure.restdocs.RestDocsTestExecutionListener, org.springframework.boot.test.autoconfigure.web.client.MockRestServiceServerResetTestExecutionListener, org.springframework.boot.test.autoconfigure.web.servlet.MockMvcPrintOnlyOnFailureTestExecutionListener, org.springframework.boot.test.autoconfigure.web.servlet.WebDriverTestExecutionListener, org.springframework.test.context.web.ServletTestExecutionListener, org.springframework.test.context.support.DirtiesContextBeforeModesTestExecutionListener, org.springframework.test.context.support.DependencyInjectionTestExecutionListener, org.springframework.test.context.support.DirtiesContextTestExecutionListener, org.springframework.test.context.transaction.TransactionalTestExecutionListener, org.springframework.test.context.jdbc.SqlScriptsTestExecutionListener]
[ INFO ] [2019-06-17 13:48:31.806] org.springframework.boot.test.context.SpringBootTestContextBootstrapper [177] - Using TestExecutionListeners: [org.springframework.test.context.web.ServletTestExecutionListener@79da8dc5, org.springframework.test.context.support.DirtiesContextBeforeModesTestExecutionListener@1eb5174b, org.springframework.boot.test.mock.mockito.MockitoTestExecutionListener@67080771, org.springframework.boot.test.autoconfigure.SpringBootDependencyInjectionTestExecutionListener@72cde7cc, org.springframework.test.context.support.DirtiesContextTestExecutionListener@5fd4f8f5, org.springframework.boot.test.mock.mockito.ResetMocksTestExecutionListener@696da30b, org.springframework.boot.test.autoconfigure.restdocs.RestDocsTestExecutionListener@4e7912d8, org.springframework.boot.test.autoconfigure.web.client.MockRestServiceServerResetTestExecutionListener@53976f5c, org.springframework.boot.test.autoconfigure.web.servlet.MockMvcPrintOnlyOnFailureTestExecutionListener@2bfc268b, org.springframework.boot.test.autoconfigure.web.servlet.WebDriverTestExecutionListener@2f8dad04]
[ INFO ] [2019-06-17 13:48:32.402] com.txr.spbbasic.SpbBasicApplicationTests [50] - Starting SpbBasicApplicationTests on pc-010384 with PID 27504 (started by xinrui.tian in D:\MyProject\My\springboot-study\spb-basic)
[ INFO ] [2019-06-17 13:48:32.403] com.txr.spbbasic.SpbBasicApplicationTests [684] - The following profiles are active: qa
[ INFO ] [2019-06-17 13:48:32.495] org.springframework.web.context.support.GenericWebApplicationContext [590] - Refreshing org.springframework.web.context.support.GenericWebApplicationContext@3214ee6: startup date [Mon Jun 17 13:48:32 CST 2019]; root of context hierarchy
[ INFO ] [2019-06-17 13:48:33.847] com.txr.spbbasic.ServiceStarter [61] - Service init todo ======================= 
[ INFO ] [2019-06-17 13:48:34.171] org.springframework.web.servlet.mvc.method.annotation.RequestMappingHandlerMapping [549] - Mapped "{[/txr/admin/swagger/annotation],methods=[GET],produces=[application/json]}" onto public java.lang.String com.txr.spbbasic.controller.AdminController.getSwaggerAnnotation()
[ INFO ] [2019-06-17 13:48:34.176] org.springframework.web.servlet.mvc.method.annotation.RequestMappingHandlerMapping [549] - Mapped "{[/txr/study/main/{userName}/bondInfo],methods=[POST],produces=[application/json]}" onto public com.txr.spbbasic.controller.response.ResponseData<java.util.List<com.txr.spbbasic.controller.model.Bond>> com.txr.spbbasic.controller.MainController.getUserInfoByUserId(java.lang.String,com.txr.spbbasic.controller.model.Bond) throws com.txr.spbbasic.global.exception.BondNotFoundException
[ INFO ] [2019-06-17 13:48:34.177] org.springframework.web.servlet.mvc.method.annotation.RequestMappingHandlerMapping [549] - Mapped "{[/txr/study/main/author],methods=[GET],produces=[application/json]}" onto public com.txr.spbbasic.controller.response.ResponseData<com.txr.spbbasic.AuthorMapping> com.txr.spbbasic.controller.MainController.authorInfo()
[ INFO ] [2019-06-17 13:48:34.178] org.springframework.web.servlet.mvc.method.annotation.RequestMappingHandlerMapping [549] - Mapped "{[/txr/study/main/bondKeys],methods=[GET],produces=[application/json]}" onto public com.txr.spbbasic.controller.response.ResponseData<java.util.List<java.lang.String>> com.txr.spbbasic.controller.MainController.getAllBondKeys(java.lang.String)
[ INFO ] [2019-06-17 13:48:34.181] org.springframework.web.servlet.mvc.method.annotation.RequestMappingHandlerMapping [549] - Mapped "{[/v2/api-docs],methods=[GET],produces=[application/json || application/hal+json]}" onto public org.springframework.http.ResponseEntity<springfox.documentation.spring.web.json.Json> springfox.documentation.swagger2.web.Swagger2Controller.getDocumentation(java.lang.String,javax.servlet.http.HttpServletRequest)
[ INFO ] [2019-06-17 13:48:34.185] org.springframework.web.servlet.mvc.method.annotation.RequestMappingHandlerMapping [549] - Mapped "{[/swagger-resources]}" onto org.springframework.http.ResponseEntity<java.util.List<springfox.documentation.swagger.web.SwaggerResource>> springfox.documentation.swagger.web.ApiResourceController.swaggerResources()
[ INFO ] [2019-06-17 13:48:34.186] org.springframework.web.servlet.mvc.method.annotation.RequestMappingHandlerMapping [549] - Mapped "{[/swagger-resources/configuration/ui]}" onto org.springframework.http.ResponseEntity<springfox.documentation.swagger.web.UiConfiguration> springfox.documentation.swagger.web.ApiResourceController.uiConfiguration()
[ INFO ] [2019-06-17 13:48:34.186] org.springframework.web.servlet.mvc.method.annotation.RequestMappingHandlerMapping [549] - Mapped "{[/swagger-resources/configuration/security]}" onto org.springframework.http.ResponseEntity<springfox.documentation.swagger.web.SecurityConfiguration> springfox.documentation.swagger.web.ApiResourceController.securityConfiguration()
[ INFO ] [2019-06-17 13:48:34.190] org.springframework.web.servlet.mvc.method.annotation.RequestMappingHandlerMapping [549] - Mapped "{[/error]}" onto public org.springframework.http.ResponseEntity<java.util.Map<java.lang.String, java.lang.Object>> org.springframework.boot.autoconfigure.web.servlet.error.BasicErrorController.error(javax.servlet.http.HttpServletRequest)
[ INFO ] [2019-06-17 13:48:34.191] org.springframework.web.servlet.mvc.method.annotation.RequestMappingHandlerMapping [549] - Mapped "{[/error],produces=[text/html]}" onto public org.springframework.web.servlet.ModelAndView org.springframework.boot.autoconfigure.web.servlet.error.BasicErrorController.errorHtml(javax.servlet.http.HttpServletRequest,javax.servlet.http.HttpServletResponse)
[ INFO ] [2019-06-17 13:48:34.286] org.springframework.scheduling.concurrent.ThreadPoolTaskExecutor [171] - Initializing ExecutorService 
[ INFO ] [2019-06-17 13:48:34.292] org.springframework.scheduling.concurrent.ThreadPoolTaskExecutor [171] - Initializing ExecutorService  'concurrentTaskExecutor'
[ INFO ] [2019-06-17 13:48:34.529] org.springframework.web.servlet.handler.SimpleUrlHandlerMapping [373] - Mapped URL path [/**/favicon.ico] onto handler of type [class org.springframework.web.servlet.resource.ResourceHttpRequestHandler]
[ INFO ] [2019-06-17 13:48:34.658] org.springframework.web.servlet.mvc.method.annotation.RequestMappingHandlerAdapter [588] - Looking for @ControllerAdvice: org.springframework.web.context.support.GenericWebApplicationContext@3214ee6: startup date [Mon Jun 17 13:48:32 CST 2019]; root of context hierarchy
[ INFO ] [2019-06-17 13:48:34.717] org.springframework.web.servlet.handler.SimpleUrlHandlerMapping [373] - Mapped URL path [/webjars/**] onto handler of type [class org.springframework.web.servlet.resource.ResourceHttpRequestHandler]
[ INFO ] [2019-06-17 13:48:34.718] org.springframework.web.servlet.handler.SimpleUrlHandlerMapping [373] - Mapped URL path [/**] onto handler of type [class org.springframework.web.servlet.resource.ResourceHttpRequestHandler]
[ INFO ] [2019-06-17 13:48:34.783] org.springframework.web.servlet.mvc.method.annotation.ExceptionHandlerExceptionResolver [288] - Detected @ExceptionHandler methods in globalExceptionHandlers
[ INFO ] [2019-06-17 13:48:34.848] com.txr.spbbasicstarter.TxrAutoConfigurerProcessor [18] - txr auto config localhost:8080
[ INFO ] [2019-06-17 13:48:34.909] org.springframework.context.support.DefaultLifecycleProcessor [356] - Starting beans in phase 2147483647
[ INFO ] [2019-06-17 13:48:34.910] springfox.documentation.spring.web.plugins.DocumentationPluginsBootstrapper [120] - Context refreshed
[ INFO ] [2019-06-17 13:48:35.029] springfox.documentation.spring.web.plugins.DocumentationPluginsBootstrapper [123] - Found 2 custom documentation plugin(s)
[ INFO ] [2019-06-17 13:48:35.037] springfox.documentation.spring.web.scanners.ApiListingReferenceScanner [44] - Scanning for api listing references
[ INFO ] [2019-06-17 13:48:35.116] springfox.documentation.spring.web.scanners.ApiListingReferenceScanner [44] - Scanning for api listing references
[ INFO ] [2019-06-17 13:48:35.232] com.txr.spbbasic.SpbBasicApplicationTests [59] - Started SpbBasicApplicationTests in 3.35 seconds (JVM running for 4.46)
[ INFO ] [2019-06-17 13:48:35.234] com.txr.spbbasic.ServiceStarter [51] - >>>>>>>>>>>>>>> Spring boot demo 示例 ：author[XinRui] <<<<<<<<<<<<<<<
[ INFO ] [2019-06-17 13:48:35.234] com.txr.spbbasic.ServiceStarter [52] - >>>>>>>>>>>>>>> 根据指定不同配置文件获取对应的端口号 ：-1 <<<<<<<<<<<<<<<
[ INFO ] [2019-06-17 13:48:35.235] com.txr.spbbasic.ServiceStarter [53] - Environment 读取配置信息中的sql : Select * from Book;
[ INFO ] [2019-06-17 13:48:35.343] org.springframework.web.context.support.GenericWebApplicationContext [993] - Closing org.springframework.web.context.support.GenericWebApplicationContext@3214ee6: startup date [Mon Jun 17 13:48:32 CST 2019]; root of context hierarchy
[ INFO ] [2019-06-17 13:48:35.345] org.springframework.context.support.DefaultLifecycleProcessor [369] - Stopping beans in phase 2147483647
[ INFO ] [2019-06-17 13:48:35.346] org.springframework.scheduling.concurrent.ThreadPoolTaskExecutor [208] - Shutting down ExecutorService 'concurrentTaskExecutor'
